2023-12-29T05:44:12+00:00 CRITICAL Uncaught Error: Attempt to assign property "clicks" on null in /bitnami/wordpress/wp-content/plugins/seo-by-rank-math/includes/modules/analytics/class-summary.php:225
Stack trace:
#0 /bitnami/wordpress/wp-content/plugins/seo-by-rank-math/includes/modules/analytics/rest/class-rest.php(162): RankMath\Analytics\Summary->get_analytics_summary()
#1 /opt/bitnami/wordpress/wp-includes/rest-api/class-wp-rest-server.php(1193): RankMath\Analytics\Rest->get_dashboard()
#2 /opt/bitnami/wordpress/wp-includes/rest-api/class-wp-rest-server.php(1041): WP_REST_Server->respond_to_request()
#3 /opt/bitnami/wordpress/wp-includes/rest-api/class-wp-rest-server.php(431): WP_REST_Server->dispatch()
#4 /opt/bitnami/wordpress/wp-includes/rest-api.php(424): WP_REST_Server->serve_request()
#5 /opt/bitnami/wordpress/wp-includes/class-wp-hook.php(324): rest_api_loaded()
#6 /opt/bitnami/wordpress/wp-includes/class-wp-hook.php(348): WP_Hook->apply_filters()
#7 /opt/bitnami/wordpress/wp-includes/plugin.php(565): WP_Hook->do_action()
#8 /opt/bitnami/wordpress/wp-includes/class-wp.php(418): do_action_ref_array()
#9 /opt/bitnami/wordpress/wp-includes/class-wp.php(813): WP->parse_request()
#10 /opt/bitnami/wordpress/wp-includes/functions.php(1336): WP->main()
#11 /opt/bitnami/wordpress/wp-blog-header.php(16): wp()
#12 /opt/bitnami/wordpress/index.php(17): require('...')
#13 {main}
  thrown in /bitnami/wordpress/wp-content/plugins/seo-by-rank-math/includes/modules/analytics/class-summary.php on line 225

2023-12-29T05:45:32+00:00 CRITICAL Uncaught Error: Attempt to assign property "clicks" on null in /bitnami/wordpress/wp-content/plugins/seo-by-rank-math/includes/modules/analytics/class-summary.php:225
Stack trace:
#0 /bitnami/wordpress/wp-content/plugins/seo-by-rank-math/includes/modules/analytics/rest/class-rest.php(162): RankMath\Analytics\Summary->get_analytics_summary()
#1 /opt/bitnami/wordpress/wp-includes/rest-api/class-wp-rest-server.php(1193): RankMath\Analytics\Rest->get_dashboard()
#2 /opt/bitnami/wordpress/wp-includes/rest-api/class-wp-rest-server.php(1041): WP_REST_Server->respond_to_request()
#3 /opt/bitnami/wordpress/wp-includes/rest-api/class-wp-rest-server.php(431): WP_REST_Server->dispatch()
#4 /opt/bitnami/wordpress/wp-includes/rest-api.php(424): WP_REST_Server->serve_request()
#5 /opt/bitnami/wordpress/wp-includes/class-wp-hook.php(324): rest_api_loaded()
#6 /opt/bitnami/wordpress/wp-includes/class-wp-hook.php(348): WP_Hook->apply_filters()
#7 /opt/bitnami/wordpress/wp-includes/plugin.php(565): WP_Hook->do_action()
#8 /opt/bitnami/wordpress/wp-includes/class-wp.php(418): do_action_ref_array()
#9 /opt/bitnami/wordpress/wp-includes/class-wp.php(813): WP->parse_request()
#10 /opt/bitnami/wordpress/wp-includes/functions.php(1336): WP->main()
#11 /opt/bitnami/wordpress/wp-blog-header.php(16): wp()
#12 /opt/bitnami/wordpress/index.php(17): require('...')
#13 {main}
  thrown in /bitnami/wordpress/wp-content/plugins/seo-by-rank-math/includes/modules/analytics/class-summary.php on line 225

2023-12-29T05:48:23+00:00 CRITICAL Uncaught Error: Attempt to assign property "clicks" on null in /bitnami/wordpress/wp-content/plugins/seo-by-rank-math/includes/modules/analytics/class-summary.php:225
Stack trace:
#0 /bitnami/wordpress/wp-content/plugins/seo-by-rank-math/includes/modules/analytics/rest/class-rest.php(162): RankMath\Analytics\Summary->get_analytics_summary()
#1 /opt/bitnami/wordpress/wp-includes/rest-api/class-wp-rest-server.php(1193): RankMath\Analytics\Rest->get_dashboard()
#2 /opt/bitnami/wordpress/wp-includes/rest-api/class-wp-rest-server.php(1041): WP_REST_Server->respond_to_request()
#3 /opt/bitnami/wordpress/wp-includes/rest-api/class-wp-rest-server.php(431): WP_REST_Server->dispatch()
#4 /opt/bitnami/wordpress/wp-includes/rest-api.php(424): WP_REST_Server->serve_request()
#5 /opt/bitnami/wordpress/wp-includes/class-wp-hook.php(324): rest_api_loaded()
#6 /opt/bitnami/wordpress/wp-includes/class-wp-hook.php(348): WP_Hook->apply_filters()
#7 /opt/bitnami/wordpress/wp-includes/plugin.php(565): WP_Hook->do_action()
#8 /opt/bitnami/wordpress/wp-includes/class-wp.php(418): do_action_ref_array()
#9 /opt/bitnami/wordpress/wp-includes/class-wp.php(813): WP->parse_request()
#10 /opt/bitnami/wordpress/wp-includes/functions.php(1336): WP->main()
#11 /opt/bitnami/wordpress/wp-blog-header.php(16): wp()
#12 /opt/bitnami/wordpress/index.php(17): require('...')
#13 {main}
  thrown in /bitnami/wordpress/wp-content/plugins/seo-by-rank-math/includes/modules/analytics/class-summary.php on line 225

